#
# A fatal error has been detected by the Java Runtime Environment:
#
#  EXCEPTION_ACCESS_VIOLATION (0xc0000005) at pc=0x00007fff44c355f5, pid=10276, tid=15720
#
# JRE version: Java(TM) SE Runtime Environment (12.0.2+10) (build 12.0.2+10)
# Java VM: Java HotSpot(TM) 64-Bit Server VM (12.0.2+10, mixed mode, sharing, tiered, compressed oops, g1 gc, windows-amd64)
# Problematic frame:
# V  [jvm.dll+0x6655f5]
#
# No core dump will be written. Minidumps are not enabled by default on client versions of Windows
#
# If you would like to submit a bug report, please visit:
#   http://bugreport.java.com/bugreport/crash.jsp
#

---------------  S U M M A R Y ------------

Command Line: -Dcom.sun.management.jmxremote -Dcom.sun.management.jmxremote.port=61764 -Dcom.sun.management.jmxremote.authenticate=false -Dcom.sun.management.jmxremote.ssl=false -Djava.rmi.server.hostname=localhost -Dspring.jmx.enabled=true -Dspring.application.admin.enabled=true -XX:TieredStopAtLevel=1 -Dspring.boot.project.name=SpringCursoJavaMC -Dfile.encoding=UTF-8 com.SAlvesjr.cursomc.CursomcApplication --spring.output.ansi.enabled=always

Host: Intel(R) Core(TM) i7-7500U CPU @ 2.70GHz, 4 cores, 7G,  Windows 10 , 64 bit Build 19041 (10.0.19041.804)
Time: Tue Mar 23 17:49:44 2021 Hora Padrão de Buenos Aires elapsed time: 1 seconds (0d 0h 0m 1s)

---------------  T H R E A D  ---------------

Current thread (0x0000029e07080800):  WatcherThread [stack: 0x000000c4a1d00000,0x000000c4a1e00000] [id=15720]

Stack: [0x000000c4a1d00000,0x000000c4a1e00000],  sp=0x000000c4a1dff5f0,  free space=1021k
Native frames: (J=compiled Java code, j=interpreted, Vv=VM code, C=native code)
V  [jvm.dll+0x6655f5]
V  [jvm.dll+0x6cd56f]
V  [jvm.dll+0x71ccdd]
V  [jvm.dll+0x751449]
V  [jvm.dll+0x74a2c8]
V  [jvm.dll+0x639b16]
C  [ucrtbase.dll+0x21bb2]
C  [KERNEL32.DLL+0x17034]
C  [ntdll.dll+0x52651]


siginfo: EXCEPTION_ACCESS_VIOLATION (0xc0000005), reading address 0x0000000c0000000b


Register to memory mapping:

RIP=0x00007fff44c355f5 jvm.dll
RAX=0x0000000c0000000b is an unknown value
RBX=0x0000029e06ff4000 points into unknown readable memory: 50 61 eb 44 ff 7f 00 00
RCX=0x0000029e06ff5b20 points into unknown readable memory: 0b 00 00 00 0c 00 00 00
RDX=0x0000000000000033 is an unknown value
RSP=0x000000c4a1dff5f0 points into unknown readable memory: e0 31 e5 64 9e 02 00 00
RBP=0x0000000000000002 is an unknown value
RSI=0x0000029e06ff5aa0 points into unknown readable memory: d0 57 07 07 9e 02 00 00
RDI=0x0 is NULL
R8 =0x0 is NULL
R9 =0x0000029e6ea50b80 is at begin+0 in a stub
StubRoutines::atomic_cmpxchg_long [0x0000029e6ea50b80, 0x0000029e6ea50b89[ (9 bytes)
R10=0x0000000000000001 is an unknown value
R11=0x000000561c700390 is an unknown value
R12=0x0 is NULL
R13=0x0000029e07080800 points into unknown readable memory: 90 3a ec 44 ff 7f 00 00
R14=0x0000000000000033 is an unknown value
R15=0x0000029e0707c350 points into unknown readable memory: 00 00 00 00 00 00 00 00


Registers:
RAX=0x0000000c0000000b, RBX=0x0000029e06ff4000, RCX=0x0000029e06ff5b20, RDX=0x0000000000000033
RSP=0x000000c4a1dff5f0, RBP=0x0000000000000002, RSI=0x0000029e06ff5aa0, RDI=0x0000000000000000
R8 =0x0000000000000000, R9 =0x0000029e6ea50b80, R10=0x0000000000000001, R11=0x000000561c700390
R12=0x0000000000000000, R13=0x0000029e07080800, R14=0x0000000000000033, R15=0x0000029e0707c350
RIP=0x00007fff44c355f5, EFLAGS=0x0000000000010202

Top of Stack: (sp=0x000000c4a1dff5f0)
0x000000c4a1dff5f0:   0000029e64e531e0 0000029e64e531e0
0x000000c4a1dff600:   0000000000000001 00007fff44bde2e0
0x000000c4a1dff610:   0000000000000000 00007fff44c9d56f
0x000000c4a1dff620:   0000029e07080800 0000029e07080800
0x000000c4a1dff630:   00006e0447b3dc9c 00007fff44bded19
0x000000c4a1dff640:   00007fff45091b28 00007fff44ceccdd
0x000000c4a1dff650:   0000000000000001 0000029e64e531e0
0x000000c4a1dff660:   0000029e64e531e0 431bde82d7b634db
0x000000c4a1dff670:   0000029e0707c350 00006e0447b3dc9c
0x000000c4a1dff680:   0000029e64e531e0 00007fff44d21449
0x000000c4a1dff690:   0000000000000001 0000000000000033
0x000000c4a1dff6a0:   0000000000000032 0000000000000002
0x000000c4a1dff6b0:   000000c4a1dff750 0000000000000000
0x000000c4a1dff6c0:   00007fffcf330000 00007fff449a05fe
0x000000c4a1dff6d0:   0000000000000000 00007fffcf330000
0x000000c4a1dff6e0:   0000000000000000 000000c4a0418000 

Instructions: (pc=0x00007fff44c355f5)
0x00007fff44c354f5:   2b 00 75 f7 48 83 c3 02 33 d2 48 03 cb e8 09 6c
0x00007fff44c35505:   03 00 4c 8b cf 48 8d 15 a3 2a 22 00 4c 8b c5 48
0x00007fff44c35515:   8b c8 48 8b d8 e8 21 c5 b2 ff 48 8b c3 48 8b 4c
0x00007fff44c35525:   24 48 48 33 cc e8 d1 a4 15 00 48 8b 9c 24 88 00
0x00007fff44c35535:   00 00 48 83 c4 50 5f 5e 5d c3 cc 48 89 5c 24 18
0x00007fff44c35545:   57 48 83 ec 50 48 8b 05 af 16 3e 00 48 33 c4 48
0x00007fff44c35555:   89 44 24 48 48 8b f9 4c 8d 05 b9 2d 1f 00 44 8b
0x00007fff44c35565:   ca 48 8d 4c 24 20 ba 28 00 00 00 e8 fb ac dc ff
0x00007fff44c35575:   48 83 c8 ff 48 8b c8 0f 1f 40 00 48 ff c1 80 3c
0x00007fff44c35585:   0f 00 75 f7 48 8d 54 24 20 66 90 48 ff c0 80 3c
0x00007fff44c35595:   02 00 75 f7 48 83 c0 02 33 d2 48 03 c8 e8 69 6b
0x00007fff44c355a5:   03 00 4c 8d 4c 24 20 4c 8b c7 48 8d 15 fe 29 22
0x00007fff44c355b5:   00 48 8b c8 48 8b d8 e8 7f c4 b2 ff 48 8b c3 48
0x00007fff44c355c5:   8b 4c 24 48 48 33 cc e8 2f a4 15 00 48 8b 5c 24
0x00007fff44c355d5:   70 48 83 c4 50 5f c3 cc cc cc cc 40 53 48 83 ec
0x00007fff44c355e5:   20 48 8b d9 48 8b 49 38 48 85 c9 74 0c 48 8b 01
0x00007fff44c355f5:   ff 10 48 8b 4b 28 48 89 01 48 83 c4 20 5b c3 cc
0x00007fff44c35605:   cc cc cc cc cc cc cc cc cc cc cc 48 89 5c 24 08
0x00007fff44c35615:   57 48 83 ec 20 48 8b 1d 27 4c 44 00 48 8b cb e8
0x00007fff44c35625:   97 91 fa ff 48 8b 0d f8 8e 44 00 48 85 c9 75 04
0x00007fff44c35635:   33 ff eb 08 e8 32 f1 ff ff 48 8b f8 48 8b cb e8
0x00007fff44c35645:   f7 95 fa ff 48 8b 5c 24 30 48 8b c7 48 83 c4 20
0x00007fff44c35655:   5f c3 cc cc cc cc cc cc cc cc cc 40 53 48 83 ec
0x00007fff44c35665:   20 4c 63 41 30 48 8d 05 ba ff 1e 00 48 85 d2 48
0x00007fff44c35675:   8b d9 48 8b 49 28 48 0f 44 d0 ff 15 8b d1 15 00
0x00007fff44c35685:   48 63 53 30 48 8b 43 28 c6 44 02 ff 00 48 83 c4
0x00007fff44c35695:   20 5b c3 cc cc cc cc cc cc cc cc 48 89 4c 24 08
0x00007fff44c356a5:   48 89 54 24 10 4c 89 44 24 18 4c 89 4c 24 20 48
0x00007fff44c356b5:   83 ec 28 4c 8b c1 4c 8d 4c 24 38 48 8d 0d 19 8f
0x00007fff44c356c5:   44 00 ba 02 00 00 00 e8 6f e3 ed ff 48 83 c4 28
0x00007fff44c356d5:   c3 cc cc cc cc cc cc cc cc cc cc 40 56 48 83 ec
0x00007fff44c356e5:   20 80 3d 65 e6 3a 00 00 48 8b f1 75 08 33 c0 48 


Stack slot to memory mapping:
stack at sp + 0 slots: 0x0000029e64e531e0 points into unknown readable memory: 01 00 00 00 00 00 00 00
stack at sp + 1 slots: 0x0000029e64e531e0 points into unknown readable memory: 01 00 00 00 00 00 00 00
stack at sp + 2 slots: 0x0000000000000001 is an unknown value
stack at sp + 3 slots: 0x00007fff44bde2e0 jvm.dll
stack at sp + 4 slots: 0x0 is NULL
stack at sp + 5 slots: 0x00007fff44c9d56f jvm.dll
stack at sp + 6 slots: 0x0000029e07080800 points into unknown readable memory: 90 3a ec 44 ff 7f 00 00
stack at sp + 7 slots: 0x0000029e07080800 points into unknown readable memory: 90 3a ec 44 ff 7f 00 00


---------------  P R O C E S S  ---------------

Threads class SMR info:
_java_thread_list=0x0000029e07075bf0, length=12, elements={
0x0000029e64e56000, 0x0000029e7f2e0000, 0x0000029e7f2e1000, 0x0000029e05f22800,
0x0000029e05f23000, 0x0000029e05f25000, 0x0000029e05f29800, 0x0000029e7f2c4000,
0x0000029e060fd800, 0x0000029e07046000, 0x0000029e0705b800, 0x0000029e07079000
}

Java Threads: ( => current thread )
  0x0000029e64e56000 JavaThread "main" [_thread_in_vm, id=12436, stack(0x000000c4a0900000,0x000000c4a0a00000)]
  0x0000029e7f2e0000 JavaThread "Reference Handler" daemon [_thread_blocked, id=8532, stack(0x000000c4a1000000,0x000000c4a1100000)]
  0x0000029e7f2e1000 JavaThread "Finalizer" daemon [_thread_blocked, id=4344, stack(0x000000c4a1100000,0x000000c4a1200000)]
  0x0000029e05f22800 JavaThread "Signal Dispatcher" daemon [_thread_blocked, id=2420, stack(0x000000c4a1200000,0x000000c4a1300000)]
  0x0000029e05f23000 JavaThread "Attach Listener" daemon [_thread_blocked, id=10944, stack(0x000000c4a1300000,0x000000c4a1400000)]
  0x0000029e05f25000 JavaThread "C1 CompilerThread0" daemon [_thread_in_native, id=16936, stack(0x000000c4a1400000,0x000000c4a1500000)]
  0x0000029e05f29800 JavaThread "Sweeper thread" daemon [_thread_blocked, id=13400, stack(0x000000c4a1500000,0x000000c4a1600000)]
  0x0000029e7f2c4000 JavaThread "Common-Cleaner" daemon [_thread_blocked, id=4360, stack(0x000000c4a1600000,0x000000c4a1700000)]
  0x0000029e060fd800 JavaThread "Service Thread" daemon [_thread_blocked, id=14980, stack(0x000000c4a1700000,0x000000c4a1800000)]
  0x0000029e07046000 JavaThread "RMI TCP Accept-0" daemon [_thread_in_native, id=15036, stack(0x000000c4a1a00000,0x000000c4a1b00000)]
  0x0000029e0705b800 JavaThread "RMI TCP Accept-61764" daemon [_thread_in_native, id=17644, stack(0x000000c4a1b00000,0x000000c4a1c00000)]
  0x0000029e07079000 JavaThread "RMI TCP Accept-0" daemon [_thread_in_native, id=14448, stack(0x000000c4a1c00000,0x000000c4a1d00000)]

Other Threads:
  0x0000029e7f2d9000 VMThread "VM Thread" [stack: 0x000000c4a0f00000,0x000000c4a1000000] [id=12956]
=>0x0000029e07080800 WatcherThread [stack: 0x000000c4a1d00000,0x000000c4a1e00000] [id=15720]
  0x0000029e64e96800 GCTaskThread "GC Thread#0" [stack: 0x000000c4a0a00000,0x000000c4a0b00000] [id=10256]
  0x0000029e06af4800 GCTaskThread "GC Thread#1" [stack: 0x000000c4a1800000,0x000000c4a1900000] [id=13116]
  0x0000029e06af5000 GCTaskThread "GC Thread#2" [stack: 0x000000c4a1900000,0x000000c4a1a00000] [id=12456]
  0x0000029e64ee2800 ConcurrentGCThread "G1 Main Marker" [stack: 0x000000c4a0b00000,0x000000c4a0c00000] [id=17456]
  0x0000029e64ee5000 ConcurrentGCThread "G1 Conc#0" [stack: 0x000000c4a0c00000,0x000000c4a0d00000] [id=18540]
  0x0000029e7f157800 ConcurrentGCThread "G1 Refine#0" [stack: 0x000000c4a0d00000,0x000000c4a0e00000] [id=15600]
  0x0000029e7f158800 ConcurrentGCThread "G1 Young RemSet Sampling" [stack: 0x000000c4a0e00000,0x000000c4a0f00000] [id=15460]

Threads with active compile tasks:

VM state:not at safepoint (normal execution)

VM Mutex/Monitor currently owned by a thread:  ([mutex/lock_event])
[0x0000029e64e531e0] PeriodicTask_lock - owner thread: 0x0000029e07080800

Heap address: 0x0000000081e00000, size: 2018 MB, Compressed Oops mode: 32-bit
Narrow klass base: 0x0000000800000000, Narrow klass shift: 3
Compressed class space size: 1073741824 Address: 0x0000000801190000

Heap:
 garbage-first heap   total 131072K, used 29840K [0x0000000081e00000, 0x0000000100000000)
  region size 1024K, 13 young (13312K), 2 survivors (2048K)
 Metaspace       used 5436K, capacity 5975K, committed 6272K, reserved 1056768K
  class space    used 698K, capacity 790K, committed 896K, reserved 1048576K
Heap Regions: E=young(eden), S=young(survivor), O=old, HS=humongous(starts), HC=humongous(continues), CS=collection set, F=free, A=archive, TAMS=top-at-mark-start (previous, next)
|   0|0x0000000081e00000, 0x0000000081f00000, 0x0000000081f00000|100%|HS|  |TAMS 0x0000000081e00000, 0x0000000081e00000| Complete 
|   1|0x0000000081f00000, 0x0000000082000000, 0x0000000082000000|100%| O|  |TAMS 0x0000000081f00000, 0x0000000081f00000| Untracked 
|   2|0x0000000082000000, 0x0000000082100000, 0x0000000082100000|100%| O|  |TAMS 0x0000000082000000, 0x0000000082000000| Untracked 
|   3|0x0000000082100000, 0x0000000082200000, 0x0000000082200000|100%| O|  |TAMS 0x0000000082100000, 0x0000000082100000| Untracked 
|   4|0x0000000082200000, 0x0000000082300000, 0x0000000082300000|100%| O|  |TAMS 0x0000000082200000, 0x0000000082200000| Untracked 
|   5|0x0000000082300000, 0x0000000082400000, 0x0000000082400000|100%| O|  |TAMS 0x0000000082300000, 0x0000000082300000| Untracked 
|   6|0x0000000082400000, 0x0000000082500000, 0x0000000082500000|100%| O|  |TAMS 0x0000000082400000, 0x0000000082400000| Untracked 
|   7|0x0000000082500000, 0x0000000082600000, 0x0000000082600000|100%| O|  |TAMS 0x0000000082500000, 0x0000000082500000| Untracked 
|   8|0x0000000082600000, 0x0000000082700000, 0x0000000082700000|100%| O|  |TAMS 0x0000000082600000, 0x0000000082600000| Untracked 
|   9|0x0000000082700000, 0x0000000082800000, 0x0000000082800000|100%| O|  |TAMS 0x0000000082700000, 0x0000000082700000| Untracked 
|  10|0x0000000082800000, 0x0000000082900000, 0x0000000082900000|100%| O|  |TAMS 0x0000000082800000, 0x0000000082800000| Untracked 
|  11|0x0000000082900000, 0x0000000082a00000, 0x0000000082a00000|100%| O|  |TAMS 0x0000000082900000, 0x0000000082900000| Untracked 
|  12|0x0000000082a00000, 0x0000000082b00000, 0x0000000082b00000|100%| O|  |TAMS 0x0000000082a00000, 0x0000000082a00000| Untracked 
|  13|0x0000000082b00000, 0x0000000082c00000, 0x0000000082c00000|100%| O|  |TAMS 0x0000000082b00000, 0x0000000082b00000| Untracked 
|  14|0x0000000082c00000, 0x0000000082d00000, 0x0000000082d00000|100%| O|  |TAMS 0x0000000082c00000, 0x0000000082c00000| Untracked 
|  15|0x0000000082d00000, 0x0000000082e00000, 0x0000000082e00000|100%| O|  |TAMS 0x0000000082d00000, 0x0000000082d00000| Untracked 
|  16|0x0000000082e00000, 0x0000000082f00000, 0x0000000082f00000|100%| O|  |TAMS 0x0000000082e00000, 0x0000000082e00000| Untracked 
|  17|0x0000000082f00000, 0x0000000083000000, 0x0000000083000000|100%| O|  |TAMS 0x0000000082f00000, 0x0000000082f00000| Untracked 
|  18|0x0000000083000000, 0x0000000083024000, 0x0000000083100000| 14%| O|  |TAMS 0x0000000083000000, 0x0000000083000000| Untracked 
|  19|0x0000000083100000, 0x0000000083100000, 0x0000000083200000|  0%| F|  |TAMS 0x0000000083100000, 0x0000000083100000| Untracked 
|  20|0x0000000083200000, 0x0000000083200000, 0x0000000083300000|  0%| F|  |TAMS 0x0000000083200000, 0x0000000083200000| Untracked 
|  21|0x0000000083300000, 0x0000000083300000, 0x0000000083400000|  0%| F|  |TAMS 0x0000000083300000, 0x0000000083300000| Untracked 
|  22|0x0000000083400000, 0x0000000083400000, 0x0000000083500000|  0%| F|  |TAMS 0x0000000083400000, 0x0000000083400000| Untracked 
|  23|0x0000000083500000, 0x0000000083500000, 0x0000000083600000|  0%| F|  |TAMS 0x0000000083500000, 0x0000000083500000| Untracked 
|  24|0x0000000083600000, 0x0000000083600000, 0x0000000083700000|  0%| F|  |TAMS 0x0000000083600000, 0x0000000083600000| Untracked 
|  25|0x0000000083700000, 0x0000000083700000, 0x0000000083800000|  0%| F|  |TAMS 0x0000000083700000, 0x0000000083700000| Untracked 
|  26|0x0000000083800000, 0x0000000083800000, 0x0000000083900000|  0%| F|  |TAMS 0x0000000083800000, 0x0000000083800000| Untracked 
|  27|0x0000000083900000, 0x0000000083900000, 0x0000000083a00000|  0%| F|  |TAMS 0x0000000083900000, 0x0000000083900000| Untracked 
|  28|0x0000000083a00000, 0x0000000083a00000, 0x0000000083b00000|  0%| F|  |TAMS 0x0000000083a00000, 0x0000000083a00000| Untracked 
|  29|0x0000000083b00000, 0x0000000083b00000, 0x0000000083c00000|  0%| F|  |TAMS 0x0000000083b00000, 0x0000000083b00000| Untracked 
|  30|0x0000000083c00000, 0x0000000083c00000, 0x0000000083d00000|  0%| F|  |TAMS 0x0000000083c00000, 0x0000000083c00000| Untracked 
|  31|0x0000000083d00000, 0x0000000083d00000, 0x0000000083e00000|  0%| F|  |TAMS 0x0000000083d00000, 0x0000000083d00000| Untracked 
|  32|0x0000000083e00000, 0x0000000083e00000, 0x0000000083f00000|  0%| F|  |TAMS 0x0000000083e00000, 0x0000000083e00000| Untracked 
|  33|0x0000000083f00000, 0x0000000083f00000, 0x0000000084000000|  0%| F|  |TAMS 0x0000000083f00000, 0x0000000083f00000| Untracked 
|  34|0x0000000084000000, 0x0000000084000000, 0x0000000084100000|  0%| F|  |TAMS 0x0000000084000000, 0x0000000084000000| Untracked 
|  35|0x0000000084100000, 0x0000000084100000, 0x0000000084200000|  0%| F|  |TAMS 0x0000000084100000, 0x0000000084100000| Untracked 
|  36|0x0000000084200000, 0x0000000084200000, 0x0000000084300000|  0%| F|  |TAMS 0x0000000084200000, 0x0000000084200000| Untracked 
|  37|0x0000000084300000, 0x0000000084300000, 0x0000000084400000|  0%| F|  |TAMS 0x0000000084300000, 0x0000000084300000| Untracked 
|  38|0x0000000084400000, 0x0000000084400000, 0x0000000084500000|  0%| F|  |TAMS 0x0000000084400000, 0x0000000084400000| Untracked 
|  39|0x0000000084500000, 0x0000000084500000, 0x0000000084600000|  0%| F|  |TAMS 0x0000000084500000, 0x0000000084500000| Untracked 
|  40|0x0000000084600000, 0x0000000084600000, 0x0000000084700000|  0%| F|  |TAMS 0x0000000084600000, 0x0000000084600000| Untracked 
|  41|0x0000000084700000, 0x0000000084700000, 0x0000000084800000|  0%| F|  |TAMS 0x0000000084700000, 0x0000000084700000| Untracked 
|  42|0x0000000084800000, 0x0000000084800000, 0x0000000084900000|  0%| F|  |TAMS 0x0000000084800000, 0x0000000084800000| Untracked 
|  43|0x0000000084900000, 0x0000000084900000, 0x0000000084a00000|  0%| F|  |TAMS 0x0000000084900000, 0x0000000084900000| Untracked 
|  44|0x0000000084a00000, 0x0000000084a00000, 0x0000000084b00000|  0%| F|  |TAMS 0x0000000084a00000, 0x0000000084a00000| Untracked 
|  45|0x0000000084b00000, 0x0000000084b00000, 0x0000000084c00000|  0%| F|  |TAMS 0x0000000084b00000, 0x0000000084b00000| Untracked 
|  46|0x0000000084c00000, 0x0000000084c00000, 0x0000000084d00000|  0%| F|  |TAMS 0x0000000084c00000, 0x0000000084c00000| Untracked 
|  47|0x0000000084d00000, 0x0000000084d00000, 0x0000000084e00000|  0%| F|  |TAMS 0x0000000084d00000, 0x0000000084d00000| Untracked 
|  48|0x0000000084e00000, 0x0000000084e00000, 0x0000000084f00000|  0%| F|  |TAMS 0x0000000084e00000, 0x0000000084e00000| Untracked 
|  49|0x0000000084f00000, 0x0000000084f00000, 0x0000000085000000|  0%| F|  |TAMS 0x0000000084f00000, 0x0000000084f00000| Untracked 
|  50|0x0000000085000000, 0x0000000085000000, 0x0000000085100000|  0%| F|  |TAMS 0x0000000085000000, 0x0000000085000000| Untracked 
|  51|0x0000000085100000, 0x0000000085100000, 0x0000000085200000|  0%| F|  |TAMS 0x0000000085100000, 0x0000000085100000| Untracked 
|  52|0x0000000085200000, 0x0000000085200000, 0x0000000085300000|  0%| F|  |TAMS 0x0000000085200000, 0x0000000085200000| Untracked 
|  53|0x0000000085300000, 0x0000000085300000, 0x0000000085400000|  0%| F|  |TAMS 0x0000000085300000, 0x0000000085300000| Untracked 
|  54|0x0000000085400000, 0x0000000085400000, 0x0000000085500000|  0%| F|  |TAMS 0x0000000085400000, 0x0000000085400000| Untracked 
|  55|0x0000000085500000, 0x0000000085500000, 0x0000000085600000|  0%| F|  |TAMS 0x0000000085500000, 0x0000000085500000| Untracked 
|  56|0x0000000085600000, 0x0000000085600000, 0x0000000085700000|  0%| F|  |TAMS 0x0000000085600000, 0x0000000085600000| Untracked 
|  57|0x0000000085700000, 0x0000000085700000, 0x0000000085800000|  0%| F|  |TAMS 0x0000000085700000, 0x0000000085700000| Untracked 
|  58|0x0000000085800000, 0x0000000085800000, 0x0000000085900000|  0%| F|  |TAMS 0x0000000085800000, 0x0000000085800000| Untracked 
|  59|0x0000000085900000, 0x0000000085900000, 0x0000000085a00000|  0%| F|  |TAMS 0x0000000085900000, 0x0000000085900000| Untracked 
|  60|0x0000000085a00000, 0x0000000085a00000, 0x0000000085b00000|  0%| F|  |TAMS 0x0000000085a00000, 0x0000000085a00000| Untracked 
|  61|0x0000000085b00000, 0x0000000085b00000, 0x0000000085c00000|  0%| F|  |TAMS 0x0000000085b00000, 0x0000000085b00000| Untracked 
|  62|0x0000000085c00000, 0x0000000085c00000, 0x0000000085d00000|  0%| F|  |TAMS 0x0000000085c00000, 0x0000000085c00000| Untracked 
|  63|0x0000000085d00000, 0x0000000085d00000, 0x0000000085e00000|  0%| F|  |TAMS 0x0000000085d00000, 0x0000000085d00000| Untracked 
|  64|0x0000000085e00000, 0x0000000085e00000, 0x0000000085f00000|  0%| F|  |TAMS 0x0000000085e00000, 0x0000000085e00000| Untracked 
|  65|0x0000000085f00000, 0x0000000085f00000, 0x0000000086000000|  0%| F|  |TAMS 0x0000000085f00000, 0x0000000085f00000| Untracked 
|  66|0x0000000086000000, 0x0000000086000000, 0x0000000086100000|  0%| F|  |TAMS 0x0000000086000000, 0x0000000086000000| Untracked 
|  67|0x0000000086100000, 0x0000000086100000, 0x0000000086200000|  0%| F|  |TAMS 0x0000000086100000, 0x0000000086100000| Untracked 
|  68|0x0000000086200000, 0x0000000086200000, 0x0000000086300000|  0%| F|  |TAMS 0x0000000086200000, 0x0000000086200000| Untracked 
|  69|0x0000000086300000, 0x0000000086300000, 0x0000000086400000|  0%| F|  |TAMS 0x0000000086300000, 0x0000000086300000| Untracked 
|  70|0x0000000086400000, 0x0000000086400000, 0x0000000086500000|  0%| F|  |TAMS 0x0000000086400000, 0x0000000086400000| Untracked 
|  71|0x0000000086500000, 0x0000000086500000, 0x0000000086600000|  0%| F|  |TAMS 0x0000000086500000, 0x0000000086500000| Untracked 
|  72|0x0000000086600000, 0x0000000086600000, 0x0000000086700000|  0%| F|  |TAMS 0x0000000086600000, 0x0000000086600000| Untracked 
|  73|0x0000000086700000, 0x0000000086700000, 0x0000000086800000|  0%| F|  |TAMS 0x0000000086700000, 0x0000000086700000| Untracked 
|  74|0x0000000086800000, 0x0000000086800000, 0x0000000086900000|  0%| F|  |TAMS 0x0000000086800000, 0x0000000086800000| Untracked 
|  75|0x0000000086900000, 0x0000000086900000, 0x0000000086a00000|  0%| F|  |TAMS 0x0000000086900000, 0x0000000086900000| Untracked 
|  76|0x0000000086a00000, 0x0000000086a00000, 0x0000000086b00000|  0%| F|  |TAMS 0x0000000086a00000, 0x0000000086a00000| Untracked 
|  77|0x0000000086b00000, 0x0000000086b00000, 0x0000000086c00000|  0%| F|  |TAMS 0x0000000086b00000, 0x0000000086b00000| Untracked 
|  78|0x0000000086c00000, 0x0000000086c00000, 0x0000000086d00000|  0%| F|  |TAMS 0x0000000086c00000, 0x0000000086c00000| Untracked 
|  79|0x0000000086d00000, 0x0000000086d00000, 0x0000000086e00000|  0%| F|  |TAMS 0x0000000086d00000, 0x0000000086d00000| Untracked 
|  80|0x0000000086e00000, 0x0000000086e00000, 0x0000000086f00000|  0%| F|  |TAMS 0x0000000086e00000, 0x0000000086e00000| Untracked 
|  81|0x0000000086f00000, 0x0000000086f00000, 0x0000000087000000|  0%| F|  |TAMS 0x0000000086f00000, 0x0000000086f00000| Untracked 
|  82|0x0000000087000000, 0x0000000087000000, 0x0000000087100000|  0%| F|  |TAMS 0x0000000087000000, 0x0000000087000000| Untracked 
|  83|0x0000000087100000, 0x0000000087100000, 0x0000000087200000|  0%| F|  |TAMS 0x0000000087100000, 0x0000000087100000| Untracked 
|  84|0x0000000087200000, 0x0000000087200000, 0x0000000087300000|  0%| F|  |TAMS 0x0000000087200000, 0x0000000087200000| Untracked 
|  85|0x0000000087300000, 0x0000000087300000, 0x0000000087400000|  0%| F|  |TAMS 0x0000000087300000, 0x0000000087300000| Untracked 
|  86|0x0000000087400000, 0x0000000087400000, 0x0000000087500000|  0%| F|  |TAMS 0x0000000087400000, 0x0000000087400000| Untracked 
|  87|0x0000000087500000, 0x0000000087500000, 0x0000000087600000|  0%| F|  |TAMS 0x0000000087500000, 0x0000000087500000| Untracked 
|  88|0x0000000087600000, 0x0000000087600000, 0x0000000087700000|  0%| F|  |TAMS 0x0000000087600000, 0x0000000087600000| Untracked 
|  89|0x0000000087700000, 0x0000000087700000, 0x0000000087800000|  0%| F|  |TAMS 0x0000000087700000, 0x0000000087700000| Untracked 
|  90|0x0000000087800000, 0x0000000087800000, 0x0000000087900000|  0%| F|  |TAMS 0x0000000087800000, 0x0000000087800000| Untracked 
|  91|0x0000000087900000, 0x0000000087900000, 0x0000000087a00000|  0%| F|  |TAMS 0x0000000087900000, 0x0000000087900000| Untracked 
|  92|0x0000000087a00000, 0x0000000087a00000, 0x0000000087b00000|  0%| F|  |TAMS 0x0000000087a00000, 0x0000000087a00000| Untracked 
|  93|0x0000000087b00000, 0x0000000087b00000, 0x0000000087c00000|  0%| F|  |TAMS 0x0000000087b00000, 0x0000000087b00000| Untracked 
|  94|0x0000000087c00000, 0x0000000087c00000, 0x0000000087d00000|  0%| F|  |TAMS 0x0000000087c00000, 0x0000000087c00000| Untracked 
|  95|0x0000000087d00000, 0x0000000087d00000, 0x0000000087e00000|  0%| F|  |TAMS 0x0000000087d00000, 0x0000000087d00000| Untracked 
|  96|0x0000000087e00000, 0x0000000087e00000, 0x0000000087f00000|  0%| F|  |TAMS 0x0000000087e00000, 0x0000000087e00000| Untracked 
|  97|0x0000000087f00000, 0x0000000087f00000, 0x0000000088000000|  0%| F|  |TAMS 0x0000000087f00000, 0x0000000087f00000| Untracked 
|  98|0x0000000088000000, 0x0000000088000000, 0x0000000088100000|  0%| F|  |TAMS 0x0000000088000000, 0x0000000088000000| Untracked 
|  99|0x0000000088100000, 0x0000000088100000, 0x0000000088200000|  0%| F|  |TAMS 0x0000000088100000, 0x0000000088100000| Untracked 
| 100|0x0000000088200000, 0x0000000088200000, 0x0000000088300000|  0%| F|  |TAMS 0x0000000088200000, 0x0000000088200000| Untracked 
| 101|0x0000000088300000, 0x0000000088300000, 0x0000000088400000|  0%| F|  |TAMS 0x0000000088300000, 0x0000000088300000| Untracked 
| 102|0x0000000088400000, 0x0000000088400000, 0x0000000088500000|  0%| F|  |TAMS 0x0000000088400000, 0x0000000088400000| Untracked 
| 103|0x0000000088500000, 0x0000000088500000, 0x0000000088600000|  0%| F|  |TAMS 0x0000000088500000, 0x0000000088500000| Untracked 
| 104|0x0000000088600000, 0x0000000088600000, 0x0000000088700000|  0%| F|  |TAMS 0x0000000088600000, 0x0000000088600000| Untracked 
| 105|0x0000000088700000, 0x0000000088700000, 0x0000000088800000|  0%| F|  |TAMS 0x0000000088700000, 0x0000000088700000| Untracked 
| 106|0x0000000088800000, 0x0000000088800000, 0x0000000088900000|  0%| F|  |TAMS 0x0000000088800000, 0x0000000088800000| Untracked 
| 107|0x0000000088900000, 0x0000000088900000, 0x0000000088a00000|  0%| F|  |TAMS 0x0000000088900000, 0x0000000088900000| Untracked 
| 108|0x0000000088a00000, 0x0000000088a00000, 0x0000000088b00000|  0%| F|  |TAMS 0x0000000088a00000, 0x0000000088a00000| Untracked 
| 109|0x0000000088b00000, 0x0000000088b00000, 0x0000000088c00000|  0%| F|  |TAMS 0x0000000088b00000, 0x0000000088b00000| Untracked 
| 110|0x0000000088c00000, 0x0000000088c00000, 0x0000000088d00000|  0%| F|  |TAMS 0x0000000088c00000, 0x0000000088c00000| Untracked 
| 111|0x0000000088d00000, 0x0000000088d00000, 0x0000000088e00000|  0%| F|  |TAMS 0x0000000088d00000, 0x0000000088d00000| Untracked 
| 112|0x0000000088e00000, 0x0000000088e00000, 0x0000000088f00000|  0%| F|  |TAMS 0x0000000088e00000, 0x0000000088e00000| Untracked 
| 113|0x0000000088f00000, 0x0000000088f00000, 0x0000000089000000|  0%| F|  |TAMS 0x0000000088f00000, 0x0000000088f00000| Untracked 
| 114|0x0000000089000000, 0x0000000089000000, 0x0000000089100000|  0%| F|  |TAMS 0x0000000089000000, 0x0000000089000000| Untracked 
| 115|0x0000000089100000, 0x00000000891db6d0, 0x0000000089200000| 85%| E|  |TAMS 0x0000000089100000, 0x0000000089100000| Complete 
| 116|0x0000000089200000, 0x0000000089300000, 0x0000000089300000|100%| E|  |TAMS 0x0000000089200000, 0x0000000089200000| Complete 
| 117|0x0000000089300000, 0x0000000089400000, 0x0000000089400000|100%| E|CS|TAMS 0x0000000089300000, 0x0000000089300000| Complete 
| 118|0x0000000089400000, 0x0000000089500000, 0x0000000089500000|100%| S|CS|TAMS 0x0000000089400000, 0x0000000089400000| Complete 
| 119|0x0000000089500000, 0x0000000089600000, 0x0000000089600000|100%| S|CS|TAMS 0x0000000089500000, 0x0000000089500000| Complete 
| 120|0x0000000089600000, 0x0000000089700000, 0x0000000089700000|100%| E|CS|TAMS 0x0000000089600000, 0x0000000089600000| Complete 
| 121|0x0000000089700000, 0x0000000089800000, 0x0000000089800000|100%| E|CS|TAMS 0x0000000089700000, 0x0000000089700000| Complete 
| 122|0x0000000089800000, 0x0000000089900000, 0x0000000089900000|100%| E|CS|TAMS 0x0000000089800000, 0x0000000089800000| Complete 
| 123|0x0000000089900000, 0x0000000089a00000, 0x0000000089a00000|100%| E|CS|TAMS 0x0000000089900000, 0x0000000089900000| Complete 
| 124|0x0000000089a00000, 0x0000000089b00000, 0x0000000089b00000|100%| E|CS|TAMS 0x0000000089a00000, 0x0000000089a00000| Complete 
| 125|0x0000000089b00000, 0x0000000089c00000, 0x0000000089c00000|100%| E|CS|TAMS 0x0000000089b00000, 0x0000000089b00000| Complete 
| 126|0x0000000089c00000, 0x0000000089d00000, 0x0000000089d00000|100%| E|CS|TAMS 0x0000000089c00000, 0x0000000089c00000| Complete 
| 127|0x0000000089d00000, 0x0000000089e00000, 0x0000000089e00000|100%| E|CS|TAMS 0x0000000089d00000, 0x0000000089d00000| Complete 

Card table byte_map: [0x0000029e7e470000,0x0000029e7e870000] _byte_map_base: 0x0000029e7e061000

Marking Bits (Prev, Next): (CMBitMap*) 0x0000029e64e97988, (CMBitMap*) 0x0000029e64e979c8
 Prev Bits: [0x0000029e00000000, 0x0000029e01f88000)
 Next Bits: [0x0000029e01f90000, 0x0000029e03f18000)

Polling page: 0x0000029e64d00000

Metaspace:

Usage:
  Non-class:      5.13 MB capacity,     4.67 MB ( 91%) used,   445.29 KB (  8%) free+waste,    19.63 KB ( <1%) overhead. 
      Class:    790.00 KB capacity,   700.38 KB ( 89%) used,    78.31 KB ( 10%) free+waste,    11.31 KB (  1%) overhead. 
       Both:      5.90 MB capacity,     5.36 MB ( 91%) used,   523.60 KB (  9%) free+waste,    30.94 KB ( <1%) overhead. 

Virtual space:
  Non-class space:        8.00 MB reserved,       5.25 MB ( 66%) committed 
      Class space:        1.00 GB reserved,     896.00 KB ( <1%) committed 
             Both:        1.01 GB reserved,       6.13 MB ( <1%) committed 

Chunk freelists:
   Non-Class:  7.88 KB
       Class:  1.25 KB
        Both:  9.13 KB

CodeHeap 'non-profiled nmethods': size=238912Kb used=1817Kb max_used=1817Kb free=237094Kb
 bounds [0x0000029e6f100000, 0x0000029e6f370000, 0x0000029e7da50000]
CodeHeap 'non-nmethods': size=6848Kb used=1134Kb max_used=1134Kb free=5713Kb
 bounds [0x0000029e6ea50000, 0x0000029e6ecc0000, 0x0000029e6f100000]
 total_blobs=1660 nmethods=1202 adapters=368
 compilation: enabled
              stopped_count=0, restarted_count=0
 full_count=0

Compilation events (10 events):
Event: 1.546 Thread 0x0000029e05f25000 1036   !   1       java.net.URL::<init> (543 bytes)
Event: 1.550 Thread 0x0000029e05f25000 nmethod 1036 0x0000029e6f26fd10 code [0x0000029e6f270160, 0x0000029e6f271ad0]
Event: 1.550 Thread 0x0000029e05f25000 1039       1       sun.nio.fs.WindowsPathParser::parse (6 bytes)
Event: 1.550 Thread 0x0000029e05f25000 nmethod 1039 0x0000029e6f273510 code [0x0000029e6f2736c0, 0x0000029e6f2737f0]
Event: 1.550 Thread 0x0000029e05f25000 1035       1       java.net.URL::<init> (8 bytes)
Event: 1.550 Thread 0x0000029e05f25000 nmethod 1035 0x0000029e6f273890 code [0x0000029e6f273a40, 0x0000029e6f273bb0]
Event: 1.550 Thread 0x0000029e05f25000 1037       1       java.net.URLStreamHandler::setURL (73 bytes)
Event: 1.551 Thread 0x0000029e05f25000 nmethod 1037 0x0000029e6f273c10 code [0x0000029e6f273e20, 0x0000029e6f2742e0]
Event: 1.551 Thread 0x0000029e05f25000 1038   !   1       java.net.URL::set (114 bytes)
Event: 1.551 Thread 0x0000029e05f25000 nmethod 1038 0x0000029e6f274590 code [0x0000029e6f2747c0, 0x0000029e6f2750e0]

GC Heap History (4 events):
Event: 0.699 GC heap before
{Heap before GC invocations=0 (full 0):
 garbage-first heap   total 131072K, used 14336K [0x0000000081e00000, 0x0000000100000000)
  region size 1024K, 14 young (14336K), 0 survivors (0K)
 Metaspace       used 493K, capacity 4518K, committed 4864K, reserved 1056768K
  class space    used 46K, capacity 399K, committed 512K, reserved 1048576K
}
Event: 0.705 GC heap after
{Heap after GC invocations=1 (full 0):
 garbage-first heap   total 131072K, used 12421K [0x0000000081e00000, 0x0000000100000000)
  region size 1024K, 2 young (2048K), 2 survivors (2048K)
 Metaspace       used 493K, capacity 4518K, committed 4864K, reserved 1056768K
  class space    used 46K, capacity 399K, committed 512K, reserved 1048576K
}
Event: 0.742 GC heap before
{Heap before GC invocations=1 (full 0):
 garbage-first heap   total 131072K, used 19589K [0x0000000081e00000, 0x0000000100000000)
  region size 1024K, 10 young (10240K), 2 survivors (2048K)
 Metaspace       used 494K, capacity 4518K, committed 4864K, reserved 1056768K
  class space    used 46K, capacity 399K, committed 512K, reserved 1048576K
}
Event: 0.746 GC heap after
{Heap after GC invocations=2 (full 0):
 garbage-first heap   total 131072K, used 20624K [0x0000000081e00000, 0x0000000100000000)
  region size 1024K, 2 young (2048K), 2 survivors (2048K)
 Metaspace       used 494K, capacity 4518K, committed 4864K, reserved 1056768K
  class space    used 46K, capacity 399K, committed 512K, reserved 1048576K
}

Deoptimization events (0 events):
No events

Classes redefined (0 events):
No events

Internal exceptions (8 events):
Event: 0.765 Thread 0x0000029e64e56000 Exception <a 'java/lang/NoSuchMethodError'{0x0000000089d73980}: java.lang.invoke.DirectMethodHandle$Holder.invokeStaticInit(Ljava/lang/Object;Ljava/lang/Object;Ljava/lang/Object;)Ljava/lang/Object;> (0x0000000089d73980) thrown at [t:/workspace/open/src/ho
Event: 0.768 Thread 0x0000029e64e56000 Exception <a 'java/lang/NoSuchMethodError'{0x0000000089d8cd28}: java.lang.invoke.DirectMethodHandle$Holder.invokeInterface(Ljava/lang/Object;Ljava/lang/Object;)I> (0x0000000089d8cd28) thrown at [t:/workspace/open/src/hotspot/share/interpreter/linkResolver
Event: 0.768 Thread 0x0000029e64e56000 Exception <a 'java/lang/IncompatibleClassChangeError'{0x0000000089d8f830}: Found class java.lang.Object, but interface was expected> (0x0000000089d8f830) thrown at [t:/workspace/open/src/hotspot/share/interpreter/linkResolver.cpp, line 843]
Event: 1.004 Thread 0x0000029e64e56000 Exception <a 'java/lang/NoSuchMethodError'{0x0000000089bd4860}: java.lang.invoke.DirectMethodHandle$Holder.invokeSpecialIFC(Ljava/lang/Object;Ljava/lang/Object;Ljava/lang/Object;)I> (0x0000000089bd4860) thrown at [t:/workspace/open/src/hotspot/share/inter
Event: 1.025 Thread 0x0000029e64e56000 Exception <a 'java/lang/NoSuchMethodError'{0x0000000089a3b6d8}: java.lang.invoke.DirectMethodHandle$Holder.invokeStaticInit(Ljava/lang/Object;IIII)Ljava/lang/Object;> (0x0000000089a3b6d8) thrown at [t:/workspace/open/src/hotspot/share/interpreter/linkReso
Event: 1.444 Thread 0x0000029e64e56000 Exception <a 'java/lang/NoSuchMethodError'{0x0000000089a7f2f0}: java.lang.invoke.DirectMethodHandle$Holder.invokeStaticInit(Ljava/lang/Object;Ljava/lang/Object;IIII)Ljava/lang/Object;> (0x0000000089a7f2f0) thrown at [t:/workspace/open/src/hotspot/share/in
Event: 1.452 Thread 0x0000029e64e56000 Exception <a 'java/lang/ClassNotFoundException'{0x0000000089a9a7f8}: javax/management/remote/rmi/RMIServerImpl_Skel> (0x0000000089a9a7f8) thrown at [t:/workspace/open/src/hotspot/share/classfile/systemDictionary.cpp, line 235]
Event: 1.486 Thread 0x0000029e64e56000 Exception <a 'java/lang/ClassNotFoundException'{0x0000000089940a78}: jdk/internal/agent/resources/spi/agentProvider> (0x0000000089940a78) thrown at [t:/workspace/open/src/hotspot/share/classfile/systemDictionary.cpp, line 235]

Events (10 events):
Event: 1.552 loading class sun/security/provider/PolicyParser
Event: 1.552 loading class sun/security/provider/PolicyParser done
Event: 1.553 loading class java/io/StreamTokenizer
Event: 1.553 loading class java/io/StreamTokenizer done
Event: 1.553 loading class java/nio/channels/SelectableChannel
Event: 1.553 loading class java/nio/channels/SelectableChannel done
Event: 1.554 loading class sun/nio/ch/Util$BufferCache
Event: 1.554 loading class sun/nio/ch/Util$BufferCache done
Event: 1.554 loading class java/nio/DirectByteBuffer$Deallocator
Event: 1.554 loading class java/nio/DirectByteBuffer$Deallocator done


Dynamic libraries:
0x00007ff69f4b0000 - 0x00007ff69f4bf000 	C:\Program Files\Java\jdk-12.0.2\bin\javaw.exe
0x00007fffcf330000 - 0x00007fffcf525000 	C:\WINDOWS\SYSTEM32\ntdll.dll
0x00007fffcf200000 - 0x00007fffcf2bd000 	C:\WINDOWS\System32\KERNEL32.DLL
0x00007fffccdc0000 - 0x00007fffcd089000 	C:\WINDOWS\System32\KERNELBASE.dll
0x00007fffccbb0000 - 0x00007fffcccb0000 	C:\WINDOWS\System32\ucrtbase.dll
0x00007fff70c10000 - 0x00007fff70c26000 	C:\Program Files\Java\jdk-12.0.2\bin\VCRUNTIME140.dll
0x00007fffab7d0000 - 0x00007fffab7e8000 	C:\Program Files\Java\jdk-12.0.2\bin\jli.dll
0x00007fffce810000 - 0x00007fffce8bc000 	C:\WINDOWS\System32\ADVAPI32.dll
0x00007fffce5b0000 - 0x00007fffce64e000 	C:\WINDOWS\System32\msvcrt.dll
0x00007fffce770000 - 0x00007fffce80c000 	C:\WINDOWS\System32\sechost.dll
0x00007fffce480000 - 0x00007fffce5ab000 	C:\WINDOWS\System32\RPCRT4.dll
0x00007fffcf040000 - 0x00007fffcf1e0000 	C:\WINDOWS\System32\USER32.dll
0x00007fffcd360000 - 0x00007fffcd382000 	C:\WINDOWS\System32\win32u.dll
0x00007fffcf010000 - 0x00007fffcf03a000 	C:\WINDOWS\System32\GDI32.dll
0x00007fffb79f0000 - 0x00007fffb7c8a000 	C:\WINDOWS\WinSxS\amd64_microsoft.windows.common-controls_6595b64144ccf1df_6.0.19041.844_none_ca00b6081b84eb1d\COMCTL32.dll
0x00007fffcca70000 - 0x00007fffccb7b000 	C:\WINDOWS\System32\gdi32full.dll
0x00007fffcd090000 - 0x00007fffcd12d000 	C:\WINDOWS\System32\msvcp_win.dll
0x00007fffc47b0000 - 0x00007fffc47ba000 	C:\WINDOWS\SYSTEM32\VERSION.dll
0x00007fffcf2c0000 - 0x00007fffcf2f0000 	C:\WINDOWS\System32\IMM32.DLL
0x00007fff6e9c0000 - 0x00007fff6ea6a000 	C:\Program Files\Java\jdk-12.0.2\bin\msvcp140.dll
0x00007fff445d0000 - 0x00007fff45147000 	C:\Program Files\Java\jdk-12.0.2\bin\server\jvm.dll
0x00007fffcda00000 - 0x00007fffcda08000 	C:\WINDOWS\System32\PSAPI.DLL
0x00007fffbb160000 - 0x00007fffbb169000 	C:\WINDOWS\SYSTEM32\WSOCK32.dll
0x00007fffce2d0000 - 0x00007fffce33b000 	C:\WINDOWS\System32\WS2_32.dll
0x00007fffbd720000 - 0x00007fffbd747000 	C:\WINDOWS\SYSTEM32\WINMM.dll
0x00007fffcb360000 - 0x00007fffcb372000 	C:\WINDOWS\SYSTEM32\kernel.appcore.dll
0x00007fff70bf0000 - 0x00007fff70c01000 	C:\Program Files\Java\jdk-12.0.2\bin\verify.dll
0x00007fffc50c0000 - 0x00007fffc52a4000 	C:\WINDOWS\SYSTEM32\DBGHELP.DLL
0x00007fffc4ea0000 - 0x00007fffc4ecc000 	C:\WINDOWS\SYSTEM32\dbgcore.DLL
0x00007fffcd2e0000 - 0x00007fffcd360000 	C:\WINDOWS\System32\bcryptPrimitives.dll
0x00007fff70bc0000 - 0x00007fff70be6000 	C:\Program Files\Java\jdk-12.0.2\bin\java.dll
0x00007fff70ab0000 - 0x00007fff70ac7000 	C:\Program Files\Java\jdk-12.0.2\bin\zip.dll
0x00007fffba7d0000 - 0x00007fffba7da000 	C:\Program Files\Java\jdk-12.0.2\bin\jimage.dll
0x00007fffce8c0000 - 0x00007fffcf002000 	C:\WINDOWS\System32\SHELL32.dll
0x00007fffca960000 - 0x00007fffcb0f0000 	C:\WINDOWS\SYSTEM32\windows.storage.dll
0x00007fffcdf70000 - 0x00007fffce2c5000 	C:\WINDOWS\System32\combase.dll
0x00007fffcc410000 - 0x00007fffcc43c000 	C:\WINDOWS\SYSTEM32\Wldp.dll
0x00007fffcd410000 - 0x00007fffcd4be000 	C:\WINDOWS\System32\SHCORE.dll
0x00007fffcdb50000 - 0x00007fffcdba5000 	C:\WINDOWS\System32\shlwapi.dll
0x00007fffcc9b0000 - 0x00007fffcc9cf000 	C:\WINDOWS\SYSTEM32\profapi.dll
0x00007fff70a90000 - 0x00007fff70aa9000 	C:\Program Files\Java\jdk-12.0.2\bin\net.dll
0x00007fffbd4f0000 - 0x00007fffbd5fc000 	C:\WINDOWS\SYSTEM32\WINHTTP.dll
0x00007fffb96e0000 - 0x00007fffb98ce000 	C:\WINDOWS\SYSTEM32\urlmon.dll
0x00007fffb9280000 - 0x00007fffb9530000 	C:\WINDOWS\SYSTEM32\iertutil.dll
0x00007fffcc150000 - 0x00007fffcc1ba000 	C:\WINDOWS\system32\mswsock.dll
0x00007fff6e9a0000 - 0x00007fff6e9b3000 	C:\Program Files\Java\jdk-12.0.2\bin\nio.dll
0x00007fff9e990000 - 0x00007fff9e999000 	C:\Program Files\Java\jdk-12.0.2\bin\management.dll
0x00007fff9df20000 - 0x00007fff9df2c000 	C:\Program Files\Java\jdk-12.0.2\bin\management_ext.dll
0x00007fffa66a0000 - 0x00007fffa66b7000 	C:\WINDOWS\system32\napinsp.dll
0x00007fffa6680000 - 0x00007fffa669b000 	C:\WINDOWS\system32\pnrpnsp.dll
0x00007fffa6660000 - 0x00007fffa6675000 	C:\WINDOWS\system32\wshbth.dll
0x00007fffc65b0000 - 0x00007fffc65cd000 	C:\WINDOWS\system32\NLAapi.dll
0x00007fffcbe50000 - 0x00007fffcbe8b000 	C:\WINDOWS\SYSTEM32\IPHLPAPI.DLL
0x00007fffcbe90000 - 0x00007fffcbf5b000 	C:\WINDOWS\SYSTEM32\DNSAPI.dll
0x00007fffcde90000 - 0x00007fffcde98000 	C:\WINDOWS\System32\NSI.dll
0x00007fffa6640000 - 0x00007fffa6652000 	C:\WINDOWS\System32\winrnr.dll
0x00007fffbd4c0000 - 0x00007fffbd4ca000 	C:\Windows\System32\rasadhlp.dll
0x00007fffbda40000 - 0x00007fffbdabf000 	C:\WINDOWS\System32\fwpuclnt.dll
0x00007fffccb80000 - 0x00007fffccba7000 	C:\WINDOWS\System32\bcrypt.dll
0x00007fffcc360000 - 0x00007fffcc378000 	C:\WINDOWS\SYSTEM32\CRYPTSP.dll
0x00007fffcbaf0000 - 0x00007fffcbb24000 	C:\WINDOWS\system32\rsaenh.dll
0x00007fffcc970000 - 0x00007fffcc99e000 	C:\WINDOWS\SYSTEM32\USERENV.dll
0x00007fffcc380000 - 0x00007fffcc38c000 	C:\WINDOWS\SYSTEM32\CRYPTBASE.dll
0x00007fffc3150000 - 0x00007fffc3167000 	C:\WINDOWS\SYSTEM32\dhcpcsvc6.DLL
0x00007fffc47c0000 - 0x00007fffc47dd000 	C:\WINDOWS\SYSTEM32\dhcpcsvc.DLL

dbghelp: loaded successfully - version: 4.0.5 - missing functions: none
symbol engine: initialized successfully - sym options: 0x614 - pdb path: .;C:\Program Files\Java\jdk-12.0.2\bin;C:\WINDOWS\SYSTEM32;C:\WINDOWS\WinSxS\amd64_microsoft.windows.common-controls_6595b64144ccf1df_6.0.19041.844_none_ca00b6081b84eb1d;C:\Program Files\Java\jdk-12.0.2\bin\server

VM Arguments:
jvm_args: -Dcom.sun.management.jmxremote -Dcom.sun.management.jmxremote.port=61764 -Dcom.sun.management.jmxremote.authenticate=false -Dcom.sun.management.jmxremote.ssl=false -Djava.rmi.server.hostname=localhost -Dspring.jmx.enabled=true -Dspring.application.admin.enabled=true -XX:TieredStopAtLevel=1 -Dspring.boot.project.name=SpringCursoJavaMC -Dfile.encoding=UTF-8 
java_command: com.SAlvesjr.cursomc.CursomcApplication --spring.output.ansi.enabled=always
java_class_path (initial): C:\Users\jr-al\Documents\workspace-spring-tool-suite-4-4.3.0.RELEASE\SpringCursoJavaMC\target\classes;C:\Users\jr-al\.m2\repository\org\springframework\boot\spring-boot-starter-web\2.2.4.RELEASE\spring-boot-starter-web-2.2.4.RELEASE.jar;C:\Users\jr-al\.m2\repository\org\springframework\boot\spring-boot-starter\2.2.4.RELEASE\spring-boot-starter-2.2.4.RELEASE.jar;C:\Users\jr-al\.m2\repository\org\springframework\boot\spring-boot-starter-logging\2.2.4.RELEASE\spring-boot-starter-logging-2.2.4.RELEASE.jar;C:\Users\jr-al\.m2\repository\ch\qos\logback\logback-classic\1.2.3\logback-classic-1.2.3.jar;C:\Users\jr-al\.m2\repository\ch\qos\logback\logback-core\1.2.3\logback-core-1.2.3.jar;C:\Users\jr-al\.m2\repository\org\apache\logging\log4j\log4j-to-slf4j\2.12.1\log4j-to-slf4j-2.12.1.jar;C:\Users\jr-al\.m2\repository\org\apache\logging\log4j\log4j-api\2.12.1\log4j-api-2.12.1.jar;C:\Users\jr-al\.m2\repository\org\slf4j\jul-to-slf4j\1.7.30\jul-to-slf4j-1.7.30.jar;C:\Users\jr-al\.m2\repository\jakarta\annotation\jakarta.annotation-api\1.3.5\jakarta.annotation-api-1.3.5.jar;C:\Users\jr-al\.m2\repository\org\yaml\snakeyaml\1.25\snakeyaml-1.25.jar;C:\Users\jr-al\.m2\repository\org\springframework\boot\spring-boot-starter-json\2.2.4.RELEASE\spring-boot-starter-json-2.2.4.RELEASE.jar;C:\Users\jr-al\.m2\repository\com\fasterxml\jackson\datatype\jackson-datatype-jdk8\2.10.2\jackson-datatype-jdk8-2.10.2.jar;C:\Users\jr-al\.m2\repository\com\fasterxml\jackson\datatype\jackson-datatype-jsr310\2.10.2\jackson-datatype-jsr310-2.10.2.jar;C:\Users\jr-al\.m2\repository\com\fasterxml\jackson\module\jackson-module-parameter-names\2.10.2\jackson-module-parameter-names-2.10.2.jar;C:\Users\jr-al\.m2\repository\org\springframework\boot\spring-boot-starter-tomcat\2.2.4.RELEASE\spring-boot-starter-tomcat-2.2.4.RELEASE.jar;C:\Users\jr-al\.m2\repository\org\apache\tomcat\embed\tomcat-embed-core\9.0.30\tomcat-embed-core-9.0.30.jar;C:\Users\jr-al\.m2\repository\org\apache\tomc
Launcher Type: SUN_STANDARD

[Global flags]
     intx CICompilerCount                          = 3                                         {product} {ergonomic}
     uint ConcGCThreads                            = 1                                         {product} {ergonomic}
     uint G1ConcRefinementThreads                  = 4                                         {product} {ergonomic}
   size_t G1HeapRegionSize                         = 1048576                                   {product} {ergonomic}
    uintx GCDrainStackTargetSize                   = 64                                        {product} {ergonomic}
   size_t InitialHeapSize                          = 134217728                                 {product} {ergonomic}
     bool ManagementServer                         = true                                      {product} {command line}
   size_t MarkStackSize                            = 4194304                                   {product} {ergonomic}
   size_t MaxHeapSize                              = 2116026368                                {product} {ergonomic}
   size_t MaxNewSize                               = 1268776960                                {product} {ergonomic}
   size_t MinHeapDeltaBytes                        = 1048576                                   {product} {ergonomic}
    uintx NonNMethodCodeHeapSize                   = 6973028                                {pd product} {ergonomic}
    uintx NonProfiledCodeHeapSize                  = 244685212                              {pd product} {ergonomic}
    uintx ProfiledCodeHeapSize                     = 0                                      {pd product} {ergonomic}
    uintx ReservedCodeCacheSize                    = 251658240                              {pd product} {ergonomic}
     bool SegmentedCodeCache                       = true                                      {product} {ergonomic}
     intx TieredStopAtLevel                        = 1                                         {product} {command line}
     bool UseCompressedClassPointers               = true                                 {lp64_product} {ergonomic}
     bool UseCompressedOops                        = true                                 {lp64_product} {ergonomic}
     bool UseG1GC                                  = true                                      {product} {ergonomic}
     bool UseLargePagesIndividualAllocation        = false                                  {pd product} {ergonomic}

Logging:
Log output configuration:
 #0: stdout all=warning uptime,level,tags
 #1: stderr all=off uptime,level,tags

Environment Variables:
JAVA_HOME=C:\Program Files\Java\jdk1.8.0_281
PATH=C:/Users/jr-al/Documents/sts-4.9.0.RELEASE//plugins/org.eclipse.justj.openjdk.hotspot.jre.full.win32.x86_64_15.0.1.v20201027-0507/jre/bin/server;C:/Users/jr-al/Documents/sts-4.9.0.RELEASE//plugins/org.eclipse.justj.openjdk.hotspot.jre.full.win32.x86_64_15.0.1.v20201027-0507/jre/bin;C:\Program Files\Common Files\Oracle\Java\javapath;C:\Program Files (x86)\Common Files\Oracle\Java\javapath;C:\Program Files (x86)\Microsoft SDKs\Azure\CLI2\wbin;C:\Python38\Scripts\;C:\Python38\;C:\Program Files (x86)\NVIDIA Corporation\PhysX\Common;C:\Program Files (x86)\Intel\Intel(R) Management Engine Components\iCLS\;C:\Program Files\Intel\Intel(R) Management Engine Components\iCLS\;C:\WINDOWS\system32;C:\WINDOWS;C:\WINDOWS\System32\Wbem;C:\WINDOWS\System32\WindowsPowerShell\v1.0\;C:\Program Files\Git\cmd;C:\WINDOWS\System32\OpenSSH\;C:\Program Files (x86)\Intel\Intel(R) Management Engine Components\DAL;C:\Program Files\Intel\Intel(R) Management Engine Components\DAL;C:\Program Files (x86)\Intel\Intel(R) Management Engine Components\IPT;C:\Program Files\Intel\Intel(R) Management Engine Components\IPT;C:\Program Files\Microsoft SQL Server\Client SDK\ODBC\130\Tools\Binn\;C:\Program Files (x86)\Microsoft SQL Server\140\Tools\Binn\;C:\Program Files\Microsoft SQL Server\140\Tools\Binn\;C:\Program Files\Microsoft SQL Server\140\DTS\Binn\;C:\Program Files (x86)\Microsoft SQL Server\Client SDK\ODBC\130\Tools\Binn\;C:\Program Files (x86)\Microsoft SQL Server\140\DTS\Binn\;C:\Program Files (x86)\Microsoft SQL Server\140\Tools\Binn\ManagementStudio\;C:\ProgramData\ComposerSetup\bin;C:\ProgramData\chocolatey\bin;C:\Program Files (x86)\Yarn\bin\;C:\Program Files\apache-maven-3.6.3\bin;C:\Program Files\OpenSSL-Win64\bin;C:\xampp\mysql\bin;C:\Users\jr-al\Documents\geckodriver-v0.26.0-win64;C:\Users\jr-al\AppData\Roaming\nvm;C:\Program Files\nodejs;C:\Program Files\dotnet\;C:\Program Files\Microsoft SQL Server\130\Tools\Binn\;C:\Program Files\Microsoft SQL Server\Client SDK\ODBC\170\Tools\Binn\;C:
USERNAME=jr-al
OS=Windows_NT
PROCESSOR_IDENTIFIER=Intel64 Family 6 Model 142 Stepping 9, GenuineIntel



---------------  S Y S T E M  ---------------

OS: Windows 10 , 64 bit Build 19041 (10.0.19041.804)

CPU:total 4 (initial active 4) (2 cores per cpu, 2 threads per core) family 6 model 142 stepping 9, cmov, cx8, fxsr, mmx, sse, sse2, sse3, ssse3, sse4.1, sse4.2, popcnt, avx, avx2, aes, clmul, erms, 3dnowpref, lzcnt, ht, tsc, tscinvbit, bmi1, bmi2, adx, fma

Memory: 4k page, system-wide physical 8066M (639M free)
TotalPageFile size 23614M (AvailPageFile size 5387M)
current process WorkingSet (physical memory assigned to process): 83M, peak: 83M
current process commit charge ("private bytes"): 217M, peak: 217M

vm_info: Java HotSpot(TM) 64-Bit Server VM (12.0.2+10) for windows-amd64 JRE (12.0.2+10), built on Jul 16 2019 01:56:17 by "mach5one" with MS VC++ 15.5 (VS2017)

END.
